  [1m[35m (28.8ms)[0m  [1m[35mCREATE DATABASE `slack_development` DEFAULT COLLATE `utf8mb4_0900_ai_ci` /*application='Backend'*/[0m
  [1m[35m (16.1ms)[0m  [1m[35mCREATE DATABASE `slack_test` DEFAULT COLLATE `utf8mb4_0900_ai_ci` /*application='Backend'*/[0m
  [1m[35m (23.3ms)[0m  [1m[35mCREATE DATABASE `slack_development` DEFAULT COLLATE `utf8mb4_0900_ai_ci` /*application='Backend'*/[0m
  [1m[35m (32.6ms)[0m  [1m[35mCREATE DATABASE `slack_test` DEFAULT COLLATE `utf8mb4_0900_ai_ci` /*application='Backend'*/[0m
  [1m[35m (11.4ms)[0m  [1m[35mCREATE TABLE `schema_migrations` (`version` varchar(255) NOT NULL PRIMARY KEY) /*application='Backend'*/[0m
  [1m[35m (10.4ms)[0m  [1m[35mCREATE TABLE `ar_internal_metadata` (`key` varchar(255) NOT NULL PRIMARY KEY, `value` varchar(255), `created_at` datetime(6) NOT NULL, `updated_at` datetime(6) NOT NULL) /*application='Backend'*/[0m
  [1m[35mSQL (0.4ms)[0m  [1m[34mSELECT GET_LOCK('3561310808851877970', 0) /*application='Backend'*/[0m
  [1m[36mActiveRecord::SchemaMigration Load (4.4ms)[0m  [1m[34mSELECT `schema_migrations`.`version` FROM `schema_migrations` ORDER BY `schema_migrations`.`version` ASC /*application='Backend'*/[0m
  [1m[36mActiveRecord::InternalMetadata Load (0.6ms)[0m  [1m[34mSELECT * FROM `ar_internal_metadata` WHERE `ar_internal_metadata`.`key` = 'environment' ORDER BY `ar_internal_metadata`.`key` ASC LIMIT 1 /*application='Backend'*/[0m
  [1m[36mActiveRecord::InternalMetadata Create (1.5ms)[0m  [1m[32mINSERT INTO `ar_internal_metadata` (`key`, `value`, `created_at`, `updated_at`) VALUES ('environment', 'development', '2026-04-30 06:32:53.781113', '2026-04-30 06:32:53.781115') /*application='Backend'*/[0m
Migrating to CreateRodauth (20260430062847)
  [1m[35m (14.5ms)[0m  [1m[35mCREATE TABLE `accounts` (`id` bigint NOT NULL AUTO_INCREMENT PRIMARY KEY, `status` int DEFAULT 1 NOT NULL, `email` varchar(255) NOT NULL, `password_hash` varchar(255), UNIQUE INDEX `index_accounts_on_email` (`email`)) /*application='Backend'*/[0m
  [1m[35m (9.9ms)[0m  [1m[35mCREATE TABLE `account_password_reset_keys` (`id` bigint NOT NULL AUTO_INCREMENT PRIMARY KEY, `key` varchar(255) NOT NULL, `deadline` datetime(6) NOT NULL, `email_last_sent` datetime(6) DEFAULT CURRENT_TIMESTAMP(6) NOT NULL, CONSTRAINT `fk_rails_ccaeb37cea`
FOREIGN KEY (`id`)
  REFERENCES `accounts` (`id`)
) /*application='Backend'*/[0m
  [1m[35m (12.8ms)[0m  [1m[35mCREATE TABLE `account_verification_keys` (`id` bigint NOT NULL AUTO_INCREMENT PRIMARY KEY, `key` varchar(255) NOT NULL, `requested_at` datetime(6) DEFAULT CURRENT_TIMESTAMP(6) NOT NULL, `email_last_sent` datetime(6) DEFAULT CURRENT_TIMESTAMP(6) NOT NULL, CONSTRAINT `fk_rails_2e3b612008`
FOREIGN KEY (`id`)
  REFERENCES `accounts` (`id`)
) /*application='Backend'*/[0m
  [1m[35m (8.9ms)[0m  [1m[35mCREATE TABLE `account_login_change_keys` (`id` bigint NOT NULL AUTO_INCREMENT PRIMARY KEY, `key` varchar(255) NOT NULL, `login` varchar(255) NOT NULL, `deadline` datetime(6) NOT NULL, CONSTRAINT `fk_rails_18962144a4`
FOREIGN KEY (`id`)
  REFERENCES `accounts` (`id`)
) /*application='Backend'*/[0m
  [1m[35m (10.5ms)[0m  [1m[35mCREATE TABLE `account_remember_keys` (`id` bigint NOT NULL AUTO_INCREMENT PRIMARY KEY, `key` varchar(255) NOT NULL, `deadline` datetime(6) NOT NULL, CONSTRAINT `fk_rails_9b2f6d8501`
FOREIGN KEY (`id`)
  REFERENCES `accounts` (`id`)
) /*application='Backend'*/[0m
  [1m[36mActiveRecord::SchemaMigration Create (2.2ms)[0m  [1m[32mINSERT INTO `schema_migrations` (`version`) VALUES ('20260430062847') /*application='Backend'*/[0m
  [1m[35mSQL (0.3ms)[0m  [1m[34mSELECT RELEASE_LOCK('3561310808851877970') /*application='Backend'*/[0m
  [1m[36mActiveRecord::SchemaMigration Load (0.3ms)[0m  [1m[34mSELECT `schema_migrations`.`version` FROM `schema_migrations` ORDER BY `schema_migrations`.`version` ASC /*application='Backend'*/[0m
  [1m[36mAccount Count (4.7ms)[0m  [1m[34mSELECT COUNT(*) FROM `accounts` /*application='Backend'*/[0m
